{"obj": {"type": "AssignString", "path": ["sys", "name"], "value": "Untitled"}, "version": 1}
{"obj": {"type": "AssignString", "path": ["sys", "description"], "value": ""}, "version": 2}
{"obj": {"type": "AssignString", "path": ["sys", "hostname"], "value": "finance-honours-deep-learning-vm-vm"}, "version": 3}
{"obj": {"type": "AssignBool", "path": ["sys", "failed"], "value": false}, "version": 4}
{"obj": {"type": "ClearStringLog", "path": ["monitoring", "stdout"]}, "version": 5}
{"obj": {"type": "ClearStringLog", "path": ["monitoring", "stderr"]}, "version": 6}
{"obj": {"type": "AssignString", "path": ["source_code", "entrypoint"], "value": "cmcd398-finance-honours.py"}, "version": 7}
{"obj": {"type": "UploadFileSet", "path": ["source_code", "files"], "file_globs": ["/home/connormcdowall/finance-honours/src/cmcd398-finance-honours.py"], "reset": "False"}, "version": 8}
{"obj": {"type": "ConfigFloatSeries", "path": ["monitoring", "cpu"], "min": 0.0, "max": 100.0, "unit": "%"}, "version": 9}
{"obj": {"type": "ClearFloatLog", "path": ["monitoring", "cpu"]}, "version": 10}
{"obj": {"type": "ConfigFloatSeries", "path": ["monitoring", "memory"], "min": 0.0, "max": 29.446353912353516, "unit": "GB"}, "version": 11}
{"obj": {"type": "ClearFloatLog", "path": ["monitoring", "memory"]}, "version": 12}
{"obj": {"type": "ConfigFloatSeries", "path": ["monitoring", "gpu"], "min": 0.0, "max": 100.0, "unit": "%"}, "version": 13}
{"obj": {"type": "ClearFloatLog", "path": ["monitoring", "gpu"]}, "version": 14}
{"obj": {"type": "ConfigFloatSeries", "path": ["monitoring", "gpu_memory"], "min": 0.0, "max": 11.17303466796875, "unit": "GB"}, "version": 15}
{"obj": {"type": "ClearFloatLog", "path": ["monitoring", "gpu_memory"]}, "version": 16}
{"obj": {"type": "LogStrings", "path": ["monitoring", "stdout"], "values": [{"value": "", "step": null, "ts": 1641089074.2730098}]}, "version": 17}
{"obj": {"type": "LogStrings", "path": ["monitoring", "stdout"], "values": [{"value": "https://app.neptune.ai/connormcdowall/finance-honours/e/FCMCD398H-5\n", "step": null, "ts": 1641089074.2737308}]}, "version": 18}
{"obj": {"type": "LogStrings", "path": ["monitoring", "stdout"], "values": [{"value": "Start: Model Fitting", "step": null, "ts": 1641089074.2742445}]}, "version": 19}
{"obj": {"type": "LogStrings", "path": ["monitoring", "stdout"], "values": [{"value": "\n", "step": null, "ts": 1641089074.2744763}]}, "version": 20}
{"obj": {"type": "LogFloats", "path": ["monitoring", "cpu"], "values": [{"value": 13.6, "step": null, "ts": 1641089074.2679327}]}, "version": 21}
{"obj": {"type": "LogFloats", "path": ["monitoring", "memory"], "values": [{"value": 7.830577850341797, "step": null, "ts": 1641089074.2679327}]}, "version": 22}
{"obj": {"type": "LogFloats", "path": ["monitoring", "gpu_memory"], "values": [{"value": 10.686767578125, "step": null, "ts": 1641089074.2679327}]}, "version": 23}
{"obj": {"type": "LogStrings", "path": ["monitoring", "stdout"], "values": [{"value": "Epoch 1/10", "step": null, "ts": 1641089074.4579203}]}, "version": 24}
{"obj": {"type": "LogStrings", "path": ["monitoring", "stdout"], "values": [{"value": "\n", "step": null, "ts": 1641089074.4581792}]}, "version": 25}
{"obj": {"type": "LogStrings", "path": ["monitoring", "traceback"], "values": [{"value": "An uncaught exception occurred while run was active on worker finance-honours-deep-learning-vm-vm.", "step": null, "ts": 1641089075.9340875}, {"value": "Marking run as failed", "step": null, "ts": 1641089075.9340875}, {"value": "Traceback:", "step": null, "ts": 1641089075.9340875}, {"value": "  File \"/home/connormcdowall/finance-honours/src/cmcd398-finance-honours.py\", line 2074, in <module>\n    project_analysis(data_vm_directory, list_of_columns, categorical_assignment, target_column, chunk_size, resizing_options,\n", "step": null, "ts": 1641089075.9340875}, {"value": "  File \"/home/connormcdowall/finance-honours/src/cmcd398-finance-honours.py\", line 1379, in project_analysis\n    model, loss, metrics, other_metrics = build_tensor_flow_model(train_dataset, val_dataset, test_dataset, model_name,\n", "step": null, "ts": 1641089075.9340875}, {"value": "  File \"/home/connormcdowall/finance-honours/src/cmcd398-finance-honours.py\", line 1145, in build_tensor_flow_model\n    model.fit(x=x_train, batch_size=32, epochs=eps,\n", "step": null, "ts": 1641089075.9340875}, {"value": "  File \"/home/connormcdowall/anaconda3/lib/python3.9/site-packages/keras/utils/traceback_utils.py\", line 67, in error_handler\n    raise e.with_traceback(filtered_tb) from None\n", "step": null, "ts": 1641089075.9340875}, {"value": "  File \"/home/connormcdowall/anaconda3/lib/python3.9/site-packages/tensorflow/python/framework/func_graph.py\", line 1129, in autograph_handler\n    raise e.ag_error_metadata.to_exception(e)\n", "step": null, "ts": 1641089075.9340875}, {"value": "in user code:", "step": null, "ts": 1641089075.9340875}, {"value": "", "step": null, "ts": 1641089075.9340875}]}, "version": 26}
{"obj": {"type": "LogStrings", "path": ["monitoring", "traceback"], "values": [{"value": "    File \"/home/connormcdowall/anaconda3/lib/python3.9/site-packages/keras/engine/training.py\", line 878, in train_function  *", "step": null, "ts": 1641089075.9340875}, {"value": "        return step_function(self, iterator)", "step": null, "ts": 1641089075.9340875}, {"value": "    File \"/home/connormcdowall/anaconda3/lib/python3.9/site-packages/keras/engine/training.py\", line 867, in step_function  **", "step": null, "ts": 1641089075.9340875}, {"value": "        outputs = model.distribute_strategy.run(run_step, args=(data,))", "step": null, "ts": 1641089075.9340875}, {"value": "    File \"/home/connormcdowall/anaconda3/lib/python3.9/site-packages/keras/engine/training.py\", line 860, in run_step  **", "step": null, "ts": 1641089075.9340875}, {"value": "        outputs = model.train_step(data)", "step": null, "ts": 1641089075.9340875}, {"value": "    File \"/home/connormcdowall/anaconda3/lib/python3.9/site-packages/keras/engine/training.py\", line 817, in train_step", "step": null, "ts": 1641089075.9340875}, {"value": "        self.compiled_metrics.update_state(y, y_pred, sample_weight)", "step": null, "ts": 1641089075.9340875}, {"value": "    File \"/home/connormcdowall/anaconda3/lib/python3.9/site-packages/keras/engine/compile_utils.py\", line 460, in update_state", "step": null, "ts": 1641089075.9340875}, {"value": "        metric_obj.update_state(y_t, y_p, sample_weight=mask)", "step": null, "ts": 1641089075.9340875}]}, "version": 27}
{"obj": {"type": "LogStrings", "path": ["monitoring", "traceback"], "values": [{"value": "    File \"/home/connormcdowall/anaconda3/lib/python3.9/site-packages/keras/utils/metrics_utils.py\", line 73, in decorated", "step": null, "ts": 1641089075.9340875}, {"value": "        update_op = update_state_fn(*args, **kwargs)", "step": null, "ts": 1641089075.9340875}, {"value": "    File \"/home/connormcdowall/anaconda3/lib/python3.9/site-packages/keras/metrics.py\", line 177, in update_state_fn", "step": null, "ts": 1641089075.9340875}, {"value": "        return ag_update_state(*args, **kwargs)", "step": null, "ts": 1641089075.9340875}, {"value": "", "step": null, "ts": 1641089075.9340875}, {"value": "    TypeError: update_state() got multiple values for argument 'sample_weight'", "step": null, "ts": 1641089075.9340875}, {"value": "", "step": null, "ts": 1641089075.9340875}]}, "version": 28}
{"obj": {"type": "AssignBool", "path": ["sys", "failed"], "value": true}, "version": 29}
{"obj": {"type": "LogStrings", "path": ["monitoring", "stderr"], "values": [{"value": "Traceback (most recent call last):\n", "step": null, "ts": 1641089075.9346666}]}, "version": 30}
{"obj": {"type": "LogStrings", "path": ["monitoring", "stderr"], "values": [{"value": "  File \"/home/connormcdowall/finance-honours/src/cmcd398-finance-honours.py\", line 2074, in <module>\n", "step": null, "ts": 1641089075.9347978}]}, "version": 31}
{"obj": {"type": "LogStrings", "path": ["monitoring", "stderr"], "values": [{"value": "    ", "step": null, "ts": 1641089075.935412}]}, "version": 32}
{"obj": {"type": "LogStrings", "path": ["monitoring", "stderr"], "values": [{"value": "project_analysis(data_vm_directory, list_of_columns, categorical_assignment, target_column, chunk_size, resizing_options,", "step": null, "ts": 1641089075.9355292}]}, "version": 33}
{"obj": {"type": "LogStrings", "path": ["monitoring", "stderr"], "values": [{"value": "\n", "step": null, "ts": 1641089075.935648}]}, "version": 34}
{"obj": {"type": "LogStrings", "path": ["monitoring", "stderr"], "values": [{"value": "  File \"/home/connormcdowall/finance-honours/src/cmcd398-finance-honours.py\", line 1379, in project_analysis\n", "step": null, "ts": 1641089075.935767}]}, "version": 35}
{"obj": {"type": "LogStrings", "path": ["monitoring", "stderr"], "values": [{"value": "    ", "step": null, "ts": 1641089075.9361382}]}, "version": 36}
{"obj": {"type": "LogStrings", "path": ["monitoring", "stderr"], "values": [{"value": "model, loss, metrics, other_metrics = build_tensor_flow_model(train_dataset, val_dataset, test_dataset, model_name,", "step": null, "ts": 1641089075.9362423}]}, "version": 37}
{"obj": {"type": "LogStrings", "path": ["monitoring", "stderr"], "values": [{"value": "\n", "step": null, "ts": 1641089075.9364054}]}, "version": 38}
{"obj": {"type": "LogStrings", "path": ["monitoring", "stderr"], "values": [{"value": "  File \"/home/connormcdowall/finance-honours/src/cmcd398-finance-honours.py\", line 1145, in build_tensor_flow_model\n", "step": null, "ts": 1641089075.9365246}]}, "version": 39}
{"obj": {"type": "LogStrings", "path": ["monitoring", "stderr"], "values": [{"value": "    ", "step": null, "ts": 1641089075.936874}]}, "version": 40}
{"obj": {"type": "LogStrings", "path": ["monitoring", "stderr"], "values": [{"value": "model.fit(x=x_train, batch_size=32, epochs=eps,", "step": null, "ts": 1641089075.9369934}]}, "version": 41}
{"obj": {"type": "LogStrings", "path": ["monitoring", "stderr"], "values": [{"value": "\n", "step": null, "ts": 1641089075.937151}]}, "version": 42}
{"obj": {"type": "LogStrings", "path": ["monitoring", "stderr"], "values": [{"value": "  File \"/home/connormcdowall/anaconda3/lib/python3.9/site-packages/keras/utils/traceback_utils.py\", line 67, in error_handler\n", "step": null, "ts": 1641089075.9372628}]}, "version": 43}
{"obj": {"type": "LogStrings", "path": ["monitoring", "stderr"], "values": [{"value": "    ", "step": null, "ts": 1641089075.9374864}]}, "version": 44}
{"obj": {"type": "LogStrings", "path": ["monitoring", "stderr"], "values": [{"value": "raise e.with_traceback(filtered_tb) from None", "step": null, "ts": 1641089075.9375856}]}, "version": 45}
{"obj": {"type": "LogStrings", "path": ["monitoring", "stderr"], "values": [{"value": "\n", "step": null, "ts": 1641089075.9376943}]}, "version": 46}
{"obj": {"type": "LogStrings", "path": ["monitoring", "stderr"], "values": [{"value": "  File \"/home/connormcdowall/anaconda3/lib/python3.9/site-packages/tensorflow/python/framework/func_graph.py\", line 1129, in autograph_handler\n", "step": null, "ts": 1641089075.9378083}]}, "version": 47}
{"obj": {"type": "LogStrings", "path": ["monitoring", "stderr"], "values": [{"value": "    ", "step": null, "ts": 1641089075.938151}]}, "version": 48}
{"obj": {"type": "LogStrings", "path": ["monitoring", "stderr"], "values": [{"value": "raise e.ag_error_metadata.to_exception(e)", "step": null, "ts": 1641089075.9382522}]}, "version": 49}
{"obj": {"type": "LogStrings", "path": ["monitoring", "stderr"], "values": [{"value": "\n", "step": null, "ts": 1641089075.9383965}]}, "version": 50}
{"obj": {"type": "LogStrings", "path": ["monitoring", "stderr"], "values": [{"value": "TypeError", "step": null, "ts": 1641089075.938498}]}, "version": 51}
{"obj": {"type": "LogStrings", "path": ["monitoring", "stderr"], "values": [{"value": ": ", "step": null, "ts": 1641089075.9385898}]}, "version": 52}
{"obj": {"type": "LogStrings", "path": ["monitoring", "stderr"], "values": [{"value": "in user code:\n\n    File \"/home/connormcdowall/anaconda3/lib/python3.9/site-packages/keras/engine/training.py\", line 878, in train_function  *\n        return step_function(self, iterator)\n    File \"/home/connormcdowall/anaconda3/lib/python3.9/site-packages/keras/engine/training.py\", line 867, in step_function  **\n        outputs = model.distribute_strategy.run(run_step, args=(data,))\n    File \"/home/connormcdowall/anaconda3/lib/python3.9/site-packages/keras/engine/training.py\", line 860, in run_step  **\n        outputs = model.train_step(data)\n    File \"/home/connormcdowall/anaconda3/lib/python3.9/site-packages/keras/engine/training.py\", line 817, in train_step\n        self.compiled_metrics.update_state(y, y_pred, sample_weight)\n    File \"/home/connormcdowall/anaconda3/lib/python3.9/site-packages/keras/engine/compile_utils.py\", line 460, in update_state\n        metric_obj.update_state(y_t, y_p, sample_weight=mask)\n    File \"/home/connormcdowall/anaconda3/lib/python3.9/site-packages/kera", "step": null, "ts": 1641089075.9387052}]}, "version": 53}
{"obj": {"type": "LogStrings", "path": ["monitoring", "stderr"], "values": [{"value": "\n", "step": null, "ts": 1641089075.9389486}]}, "version": 54}
{"obj": {"type": "LogStrings", "path": ["monitoring", "stdout"], "values": [{"value": "Shutting down background jobs, please wait a moment...\n", "step": null, "ts": 1641089075.9392662}]}, "version": 55}
