\BOOKMARK [1][-]{section.1}{Introduction}{}% 1
\BOOKMARK [1][-]{section.2}{Literature Review}{}% 2
\BOOKMARK [1][-]{section.3}{Research Intent}{}% 3
\BOOKMARK [1][-]{section.4}{Theory}{}% 4
\BOOKMARK [1][-]{section.5}{Data}{}% 5
\BOOKMARK [1][-]{section.6}{Methodology}{}% 6
\BOOKMARK [2][-]{subsection.6.1}{Project organisation}{section.6}% 7
\BOOKMARK [3][-]{subsubsection.6.1.1}{Version Control}{subsection.6.1}% 8
\BOOKMARK [3][-]{subsubsection.6.1.2}{Folder Structure}{subsection.6.1}% 9
\BOOKMARK [3][-]{subsubsection.6.1.3}{Python}{subsection.6.1}% 10
\BOOKMARK [3][-]{subsubsection.6.1.4}{Package Management}{subsection.6.1}% 11
\BOOKMARK [3][-]{subsubsection.6.1.5}{Excel}{subsection.6.1}% 12
\BOOKMARK [3][-]{subsubsection.6.1.6}{IBM ILOG CPLEX Optimization}{subsection.6.1}% 13
\BOOKMARK [3][-]{subsubsection.6.1.7}{IBM Watson Machine Learning Service}{subsection.6.1}% 14
\BOOKMARK [3][-]{subsubsection.6.1.8}{PyPI}{subsection.6.1}% 15
\BOOKMARK [3][-]{subsubsection.6.1.9}{Code Style}{subsection.6.1}% 16
\BOOKMARK [3][-]{subsubsection.6.1.10}{Infrastructure}{subsection.6.1}% 17
\BOOKMARK [2][-]{subsection.6.2}{Documentation}{section.6}% 18
\BOOKMARK [3][-]{subsubsection.6.2.1}{Project updates}{subsection.6.2}% 19
\BOOKMARK [3][-]{subsubsection.6.2.2}{Meeting minutes}{subsection.6.2}% 20
