\BOOKMARK [1][-]{section.1}{Acknowledgements}{}% 1
\BOOKMARK [1][-]{section.2}{Abstract}{}% 2
\BOOKMARK [1][-]{section.3}{Introduction \(3 Pages\)}{}% 3
\BOOKMARK [1][-]{section.4}{Research Question\(s\)}{}% 4
\BOOKMARK [1][-]{section.5}{Motivation\(s\)}{}% 5
\BOOKMARK [1][-]{section.6}{Literature Review \(3 pages\)}{}% 6
\BOOKMARK [2][-]{subsection.6.1}{Asset Pricing}{section.6}% 7
\BOOKMARK [2][-]{subsection.6.2}{Machine Learning}{section.6}% 8
\BOOKMARK [2][-]{subsection.6.3}{Machine Learning}{section.6}% 9
\BOOKMARK [2][-]{subsection.6.4}{Hypothesis}{section.6}% 10
\BOOKMARK [1][-]{section.7}{Methodology}{}% 11
\BOOKMARK [2][-]{subsection.7.1}{Data}{section.7}% 12
\BOOKMARK [2][-]{subsection.7.2}{Infrastructure}{section.7}% 13
\BOOKMARK [2][-]{subsection.7.3}{Data Processing}{section.7}% 14
\BOOKMARK [2][-]{subsection.7.4}{Feature Encoding}{section.7}% 15
\BOOKMARK [2][-]{subsection.7.5}{Neural Network Configuration}{section.7}% 16
\BOOKMARK [3][-]{subsubsection.7.5.1}{Multi Layer Perceptron \(MLP\)}{subsection.7.5}% 17
\BOOKMARK [3][-]{subsubsection.7.5.2}{Model Configuration}{subsection.7.5}% 18
\BOOKMARK [2][-]{subsection.7.6}{Loss Functions \046 Performance Metrics}{section.7}% 19
\BOOKMARK [3][-]{subsubsection.7.6.1}{Modelling, Loss, and Optimisation}{subsection.7.6}% 20
\BOOKMARK [3][-]{subsubsection.7.6.2}{Automatic Differentiation}{subsection.7.6}% 21
\BOOKMARK [3][-]{subsubsection.7.6.3}{Loss \046 Metric Definition}{subsection.7.6}% 22
\BOOKMARK [2][-]{subsection.7.7}{Hedge Portfolio Construction}{section.7}% 23
\BOOKMARK [2][-]{subsection.7.8}{Regression Analysis}{section.7}% 24
\BOOKMARK [1][-]{section.8}{Limitations}{}% 25
\BOOKMARK [2][-]{subsection.8.1}{Lack of Computational Resources}{section.8}% 26
\BOOKMARK [2][-]{subsection.8.2}{Loss Functions \046 Performance Metrics}{section.8}% 27
\BOOKMARK [3][-]{subsubsection.8.2.1}{Mean Square Error \(MSE\)}{subsection.8.2}% 28
\BOOKMARK [3][-]{subsubsection.8.2.2}{Hedge Portfolio}{subsection.8.2}% 29
\BOOKMARK [2][-]{subsection.8.3}{Conventional Asset Pricing Models}{section.8}% 30
\BOOKMARK [3][-]{subsubsection.8.3.1}{Sharpe Ratio}{subsection.8.3}% 31
\BOOKMARK [3][-]{subsubsection.8.3.2}{Information Ratio}{subsection.8.3}% 32
\BOOKMARK [2][-]{subsection.8.4}{Reinforcement learning}{section.8}% 33
\BOOKMARK [3][-]{subsubsection.8.4.1}{Dynamic Programming}{subsection.8.4}% 34
\BOOKMARK [3][-]{subsubsection.8.4.2}{Bellman's Algorithm}{subsection.8.4}% 35
\BOOKMARK [3][-]{subsubsection.8.4.3}{Q-Learning}{subsection.8.4}% 36
\BOOKMARK [1][-]{section.9}{Results}{}% 37
\BOOKMARK [2][-]{subsection.9.1}{Performance Matrix}{section.9}% 38
\BOOKMARK [2][-]{subsection.9.2}{Model Performance}{section.9}% 39
