\BOOKMARK [1][-]{section.1}{\376\377\000I\000n\000t\000r\000o\000d\000u\000c\000t\000i\000o\000n\000\040\000\050\0002\000-\0003\000\040\000p\000a\000g\000e\000s\000\051}{}% 1
\BOOKMARK [1][-]{section.2}{\376\377\000L\000i\000t\000e\000r\000a\000t\000u\000r\000e\000\040\000\050\0003\000\040\000p\000a\000g\000e\000s\000\051}{}% 2
\BOOKMARK [2][-]{subsection.2.1}{\376\377\000A\000s\000s\000e\000t\000\040\000P\000r\000i\000c\000i\000n\000g}{section.2}% 3
\BOOKMARK [2][-]{subsection.2.2}{\376\377\000M\000a\000c\000h\000i\000n\000e\000\040\000L\000e\000a\000r\000n\000i\000n\000g}{section.2}% 4
\BOOKMARK [2][-]{subsection.2.3}{\376\377\000C\000u\000s\000t\000o\000m\000\040\000L\000o\000s\000s\000\040\000F\000u\000n\000c\000t\000i\000o\000n\000s}{section.2}% 5
\BOOKMARK [1][-]{section.3}{\376\377\000M\000o\000t\000i\000v\000a\000t\000i\000o\000n\000\040\000\050\0001\000\040\000p\000a\000g\000e\000\051}{}% 6
\BOOKMARK [2][-]{subsection.3.1}{\376\377\000R\000e\000s\000e\000a\000r\000c\000h\000\040\000Q\000u\000e\000s\000t\000i\000o\000n}{section.3}% 7
\BOOKMARK [2][-]{subsection.3.2}{\376\377\000H\000y\000p\000o\000t\000h\000e\000s\000e\000s}{section.3}% 8
\BOOKMARK [1][-]{section.4}{\376\377\000M\000e\000t\000h\000o\000d\000o\000l\000o\000g\000y}{}% 9
\BOOKMARK [2][-]{subsection.4.1}{\376\377\000D\000a\000t\000a}{section.4}% 10
\BOOKMARK [3][-]{subsubsection.4.1.1}{\376\377\000G\000l\000o\000b\000a\000l\000\040\000F\000a\000c\000t\000o\000r\000s\000\040\000D\000a\000t\000a\000s\000e\000t}{subsection.4.1}% 11
\BOOKMARK [3][-]{subsubsection.4.1.2}{\376\377\000P\000r\000o\000c\000e\000s\000s\000i\000n\000g}{subsection.4.1}% 12
\BOOKMARK [3][-]{subsubsection.4.1.3}{\376\377\000C\000l\000o\000u\000d\000\040\000I\000n\000f\000r\000a\000s\000t\000r\000u\000c\000t\000u\000r\000e}{subsection.4.1}% 13
\BOOKMARK [2][-]{subsection.4.2}{\376\377\000N\000e\000u\000r\000a\000l\000\040\000N\000e\000t\000w\000o\000r\000k\000s}{section.4}% 14
\BOOKMARK [3][-]{subsubsection.4.2.1}{\376\377\000N\000o\000r\000m\000a\000l\000i\000s\000a\000t\000i\000o\000n\000\040\000\046\000\040\000F\000e\000a\000t\000u\000r\000e\000\040\000E\000n\000c\000o\000d\000i\000n\000g}{subsection.4.2}% 15
\BOOKMARK [2][-]{subsection.4.3}{\376\377\000N\000e\000u\000r\000a\000l\000\040\000N\000e\000t\000w\000o\000r\000k\000\040\000A\000r\000c\000h\000i\000t\000e\000c\000t\000u\000r\000e}{section.4}% 16
\BOOKMARK [3][-]{subsubsection.4.3.1}{\376\377\000A\000c\000t\000i\000v\000a\000t\000i\000o\000n\000\040\000F\000u\000n\000c\000t\000i\000o\000n\000s\000,\000\040\000L\000i\000n\000e\000a\000r\000\040\000T\000h\000r\000e\000s\000h\000o\000l\000d\000\040\000U\000n\000i\000t\000s\000,\000\040\000\046\000\040\000P\000e\000r\000c\000e\000p\000t\000r\000o\000n\000s}{subsection.4.3}% 17
\BOOKMARK [3][-]{subsubsection.4.3.2}{\376\377\000M\000o\000d\000e\000l\000\040\000C\000o\000n\000f\000i\000g\000u\000r\000a\000t\000i\000o\000n}{subsection.4.3}% 18
\BOOKMARK [3][-]{subsubsection.4.3.3}{\376\377\000L\000o\000s\000s\000\040\000F\000u\000n\000c\000t\000i\000o\000n\000s}{subsection.4.3}% 19
\BOOKMARK [3][-]{subsubsection.4.3.4}{\376\377\000P\000e\000r\000f\000o\000r\000m\000a\000n\000c\000e\000\040\000M\000e\000t\000r\000i\000c\000s}{subsection.4.3}% 20
\BOOKMARK [2][-]{subsection.4.4}{\376\377\000B\000r\000i\000e\000f\000\040\000D\000e\000s\000c\000r\000i\000p\000t\000i\000o\000n\000\040\000o\000f\000\040\000R\000e\000m\000a\000i\000n\000i\000n\000g\000\040\000M\000e\000t\000h\000o\000d\000s}{section.4}% 21
\BOOKMARK [2][-]{subsection.4.5}{\376\377\000R\000e\000g\000r\000e\000s\000s\000i\000o\000n\000\040\000A\000n\000a\000l\000y\000s\000i\000s}{section.4}% 22
\BOOKMARK [3][-]{subsubsection.4.5.1}{\376\377\000M\000e\000a\000n\000\040\000S\000q\000u\000a\000r\000e\000\040\000E\000r\000r\000o\000r\000\040\000\050\000M\000S\000E\000\051}{subsection.4.5}% 23
\BOOKMARK [2][-]{subsection.4.6}{\376\377\000A\000s\000s\000e\000t\000\040\000P\000r\000i\000c\000i\000n\000g\000\040\000M\000o\000d\000e\000l\000s}{section.4}% 24
\BOOKMARK [3][-]{subsubsection.4.6.1}{\376\377\000S\000h\000a\000r\000p\000e\000\040\000R\000a\000t\000i\000o}{subsection.4.6}% 25
\BOOKMARK [3][-]{subsubsection.4.6.2}{\376\377\000I\000n\000f\000o\000r\000m\000a\000t\000i\000o\000n\000\040\000R\000a\000t\000i\000o}{subsection.4.6}% 26
\BOOKMARK [1][-]{section.5}{\376\377\000R\000e\000s\000u\000l\000t\000s}{}% 27
\BOOKMARK [2][-]{subsection.5.1}{\376\377\000M\000a\000i\000n\000\040\000F\000i\000n\000d\000i\000n\000g\000s}{section.5}% 28
\BOOKMARK [2][-]{subsection.5.2}{\376\377\000P\000e\000r\000f\000o\000r\000m\000a\000n\000c\000e\000\040\000M\000a\000t\000r\000i\000x}{section.5}% 29
\BOOKMARK [2][-]{subsection.5.3}{\376\377\000M\000o\000d\000e\000l\000\040\000A\000c\000c\000u\000r\000a\000c\000y}{section.5}% 30
\BOOKMARK [3][-]{subsubsection.5.3.1}{\376\377\000M\000o\000d\000e\000l\000\040\000L\000o\000s\000s}{subsection.5.3}% 31
\BOOKMARK [2][-]{subsection.5.4}{\376\377\000H\000e\000d\000g\000e\000\040\000P\000o\000r\000t\000f\000o\000l\000i\000o\000\040\000P\000e\000r\000f\000o\000r\000m\000a\000n\000c\000e}{section.5}% 32
\BOOKMARK [3][-]{subsubsection.5.4.1}{\376\377\000I\000n\000b\000u\000i\000l\000t\000\040\000M\000e\000a\000n\000\040\000S\000q\000u\000a\000r\000e\000\040\000E\000r\000r\000o\000r}{subsection.5.4}% 33
\BOOKMARK [3][-]{subsubsection.5.4.2}{\376\377\000C\000u\000s\000t\000o\000m\000\040\000M\000e\000a\000n\000\040\000S\000q\000u\000a\000r\000e\000\040\000E\000r\000r\000o\000r}{subsection.5.4}% 34
\BOOKMARK [3][-]{subsubsection.5.4.3}{\376\377\000C\000u\000s\000t\000o\000m\000\040\000H\000e\000d\000g\000e\000\040\000P\000o\000r\000t\000f\000o\000l\000i\000o}{subsection.5.4}% 35
\BOOKMARK [1][-]{section.6}{\376\377\000D\000i\000s\000c\000u\000s\000s\000i\000o\000n}{}% 36
\BOOKMARK [1][-]{section.7}{\376\377\000C\000o\000n\000c\000l\000u\000s\000i\000o\000n}{}% 37
\BOOKMARK [2][-]{subsection.7.1}{\376\377\000C\000o\000n\000t\000r\000i\000b\000u\000t\000i\000o\000n\000s}{section.7}% 38
\BOOKMARK [2][-]{subsection.7.2}{\376\377\000F\000u\000r\000t\000h\000e\000r\000\040\000R\000e\000s\000e\000a\000r\000c\000h}{section.7}% 39
\BOOKMARK [2][-]{subsection.7.3}{\376\377\000L\000i\000m\000i\000t\000a\000t\000i\000o\000n\000s}{section.7}% 40
\BOOKMARK [3][-]{subsubsection.7.3.1}{\376\377\000R\000e\000s\000o\000u\000r\000c\000e\000s}{subsection.7.3}% 41
\BOOKMARK [1][-]{section.8}{\376\377\000A\000p\000p\000e\000n\000d\000i\000x}{}% 42
\BOOKMARK [2][-]{subsection.8.1}{\376\377\000M\000a\000t\000h\000e\000m\000a\000t\000i\000c\000s}{section.8}% 43
\BOOKMARK [3][-]{subsubsection.8.1.1}{\376\377\000E\000q\000u\000a\000t\000i\000o\000n\000s\000\040\000\046\000\040\000D\000e\000r\000i\000v\000a\000t\000i\000o\000n\000s}{subsection.8.1}% 44
\BOOKMARK [3][-]{subsubsection.8.1.2}{\376\377\000H\000e\000d\000g\000e\000\040\000P\000o\000r\000t\000f\000o\000l\000i\000o}{subsection.8.1}% 45
\BOOKMARK [3][-]{subsubsection.8.1.3}{\376\377\000L\000o\000s\000s\000\040\000F\000u\000n\000c\000t\000i\000o\000n\000s}{subsection.8.1}% 46
\BOOKMARK [2][-]{subsection.8.2}{\376\377\000S\000t\000o\000c\000h\000a\000s\000t\000i\000c\000\040\000G\000r\000a\000d\000i\000e\000n\000t\000\040\000D\000e\000s\000c\000e\000n\000t}{section.8}% 47
\BOOKMARK [2][-]{subsection.8.3}{\376\377\000O\000r\000d\000i\000n\000a\000r\000y\000\040\000L\000e\000a\000s\000t\000\040\000S\000q\000u\000a\000r\000e\000s\000\040\000\050\000O\000L\000S\000\051}{section.8}% 48
\BOOKMARK [3][-]{subsubsection.8.3.1}{\376\377\000E\000s\000t\000i\000m\000a\000t\000i\000o\000n\000\040\000C\000r\000i\000t\000e\000r\000i\000a}{subsection.8.3}% 49
\BOOKMARK [3][-]{subsubsection.8.3.2}{\376\377\000P\000r\000o\000p\000e\000r\000t\000i\000e\000s\000\040\000o\000f\000\040\000O\000L\000S\000\040\000E\000s\000t\000i\000m\000a\000t\000o\000r\000s}{subsection.8.3}% 50
\BOOKMARK [3][-]{subsubsection.8.3.3}{\376\377\000T\000h\000e\000\040\000G\000a\000u\000s\000s\000-\000M\000a\000r\000k\000o\000v\000\040\000T\000h\000e\000o\000r\000e\000m}{subsection.8.3}% 51
\BOOKMARK [2][-]{subsection.8.4}{\376\377\000M\000o\000d\000e\000l\000\040\000T\000r\000a\000i\000n\000i\000n\000g\000\040\000\046\000\040\000V\000a\000l\000i\000d\000a\000t\000i\000o\000n\000\040\000P\000e\000r\000f\000o\000r\000m\000a\000n\000c\000e}{section.8}% 52
\BOOKMARK [2][-]{subsection.8.5}{\376\377\000P\000o\000o\000l\000e\000d\000\040\000O\000r\000d\000i\000n\000a\000r\000y\000\040\000L\000e\000a\000s\000t\000\040\000S\000q\000u\000a\000r\000e\000\040\000R\000e\000g\000r\000e\000s\000s\000i\000o\000n\000s}{section.8}% 53
\BOOKMARK [3][-]{subsubsection.8.5.1}{\376\377\000I\000n\000-\000B\000u\000i\000l\000t\000\040\000M\000e\000a\000n\000\040\000S\000q\000u\000a\000r\000e\000\040\000E\000r\000r\000o\000r}{subsection.8.5}% 54
\BOOKMARK [3][-]{subsubsection.8.5.2}{\376\377\000C\000u\000s\000t\000o\000m\000\040\000M\000e\000a\000n\000\040\000S\000q\000u\000a\000r\000e\000\040\000E\000r\000r\000o\000r}{subsection.8.5}% 55
\BOOKMARK [3][-]{subsubsection.8.5.3}{\376\377\000C\000u\000s\000t\000o\000m\000\040\000H\000e\000d\000g\000e\000\040\000P\000o\000r\000t\000f\000o\000l\000i\000o}{subsection.8.5}% 56
\BOOKMARK [2][-]{subsection.8.6}{\376\377\000T\000e\000c\000h\000n\000i\000c\000a\000l\000\040\000D\000e\000t\000a\000i\000l\000s}{section.8}% 57
\BOOKMARK [3][-]{subsubsection.8.6.1}{\376\377\000O\000r\000g\000a\000n\000i\000s\000a\000t\000i\000o\000n}{subsection.8.6}% 58
\BOOKMARK [3][-]{subsubsection.8.6.2}{\376\377\000V\000e\000r\000s\000i\000o\000n\000\040\000C\000o\000n\000t\000r\000o\000l}{subsection.8.6}% 59
\BOOKMARK [3][-]{subsubsection.8.6.3}{\376\377\000D\000i\000r\000e\000c\000t\000o\000r\000i\000e\000s}{subsection.8.6}% 60
\BOOKMARK [3][-]{subsubsection.8.6.4}{\376\377\000P\000y\000t\000h\000o\000n}{subsection.8.6}% 61
\BOOKMARK [3][-]{subsubsection.8.6.5}{\376\377\000P\000a\000c\000k\000a\000g\000e\000\040\000M\000a\000n\000a\000g\000e\000m\000e\000n\000t}{subsection.8.6}% 62
\BOOKMARK [3][-]{subsubsection.8.6.6}{\376\377\000C\000o\000d\000e\000\040\000S\000t\000y\000l\000e}{subsection.8.6}% 63
\BOOKMARK [3][-]{subsubsection.8.6.7}{\376\377\000I\000n\000f\000r\000a\000s\000t\000r\000u\000c\000t\000u\000r\000e}{subsection.8.6}% 64
\BOOKMARK [3][-]{subsubsection.8.6.8}{\376\377\000D\000o\000c\000u\000m\000e\000n\000t\000a\000t\000i\000o\000n}{subsection.8.6}% 65
\BOOKMARK [2][-]{subsection.8.7}{\376\377\000C\000o\000d\000e}{section.8}% 66
\BOOKMARK [2][-]{subsection.8.8}{\376\377\000D\000a\000t\000a}{section.8}% 67
\BOOKMARK [3][-]{subsubsection.8.8.1}{\376\377\000C\000o\000m\000p\000o\000s\000i\000t\000i\000o\000n\000\040\000\046\000\040\000S\000o\000u\000r\000c\000e\000s}{subsection.8.8}% 68
\BOOKMARK [3][-]{subsubsection.8.8.2}{\376\377\000D\000a\000t\000a\000\040\000P\000r\000o\000c\000e\000s\000s\000i\000n\000g}{subsection.8.8}% 69
\BOOKMARK [3][-]{subsubsection.8.8.3}{\376\377\000S\000u\000m\000m\000a\000r\000y\000\040\000S\000t\000a\000t\000i\000s\000t\000i\000c\000s}{subsection.8.8}% 70
