{"obj": {"type": "AssignString", "path": ["sys", "name"], "value": "Untitled"}, "version": 1}
{"obj": {"type": "AssignString", "path": ["sys", "description"], "value": ""}, "version": 2}
{"obj": {"type": "AssignString", "path": ["sys", "hostname"], "value": "finance-honours-deep-learning-vm-vm"}, "version": 3}
{"obj": {"type": "AssignBool", "path": ["sys", "failed"], "value": false}, "version": 4}
{"obj": {"type": "ClearStringLog", "path": ["monitoring", "stdout"]}, "version": 5}
{"obj": {"type": "ClearStringLog", "path": ["monitoring", "stderr"]}, "version": 6}
{"obj": {"type": "AssignString", "path": ["source_code", "entrypoint"], "value": "cmcd398-finance-honours.py"}, "version": 7}
{"obj": {"type": "UploadFileSet", "path": ["source_code", "files"], "file_globs": ["/home/connormcdowall/finance-honours/src/cmcd398-finance-honours.py"], "reset": "False"}, "version": 8}
{"obj": {"type": "ConfigFloatSeries", "path": ["monitoring", "cpu"], "min": 0.0, "max": 100.0, "unit": "%"}, "version": 9}
{"obj": {"type": "ClearFloatLog", "path": ["monitoring", "cpu"]}, "version": 10}
{"obj": {"type": "ConfigFloatSeries", "path": ["monitoring", "memory"], "min": 0.0, "max": 29.446353912353516, "unit": "GB"}, "version": 11}
{"obj": {"type": "ClearFloatLog", "path": ["monitoring", "memory"]}, "version": 12}
{"obj": {"type": "ConfigFloatSeries", "path": ["monitoring", "gpu"], "min": 0.0, "max": 100.0, "unit": "%"}, "version": 13}
{"obj": {"type": "ClearFloatLog", "path": ["monitoring", "gpu"]}, "version": 14}
{"obj": {"type": "ConfigFloatSeries", "path": ["monitoring", "gpu_memory"], "min": 0.0, "max": 11.17303466796875, "unit": "GB"}, "version": 15}
{"obj": {"type": "ClearFloatLog", "path": ["monitoring", "gpu_memory"]}, "version": 16}
{"obj": {"type": "LogStrings", "path": ["monitoring", "stdout"], "values": [{"value": "", "step": null, "ts": 1641116183.317965}]}, "version": 17}
{"obj": {"type": "LogStrings", "path": ["monitoring", "stdout"], "values": [{"value": "https://app.neptune.ai/connormcdowall/finance-honours/e/FCMCD398H-22\n", "step": null, "ts": 1641116183.318698}]}, "version": 18}
{"obj": {"type": "LogStrings", "path": ["monitoring", "stdout"], "values": [{"value": "Start: Model Fitting", "step": null, "ts": 1641116183.3192432}]}, "version": 19}
{"obj": {"type": "LogFloats", "path": ["monitoring", "cpu"], "values": [{"value": 13.3, "step": null, "ts": 1641116183.3123388}]}, "version": 20}
{"obj": {"type": "LogStrings", "path": ["monitoring", "stdout"], "values": [{"value": "\n", "step": null, "ts": 1641116183.320243}]}, "version": 21}
{"obj": {"type": "LogFloats", "path": ["monitoring", "memory"], "values": [{"value": 7.901153564453125, "step": null, "ts": 1641116183.3123388}]}, "version": 22}
{"obj": {"type": "LogFloats", "path": ["monitoring", "gpu_memory"], "values": [{"value": 10.686767578125, "step": null, "ts": 1641116183.3123388}]}, "version": 23}
{"obj": {"type": "LogStrings", "path": ["monitoring", "stdout"], "values": [{"value": "Epoch 1/10", "step": null, "ts": 1641116183.5058613}]}, "version": 24}
{"obj": {"type": "LogStrings", "path": ["monitoring", "stdout"], "values": [{"value": "\n", "step": null, "ts": 1641116183.50609}]}, "version": 25}
{"obj": {"type": "LogStrings", "path": ["monitoring", "traceback"], "values": [{"value": "An uncaught exception occurred while run was active on worker finance-honours-deep-learning-vm-vm.", "step": null, "ts": 1641116184.6171024}, {"value": "Marking run as failed", "step": null, "ts": 1641116184.6171024}, {"value": "Traceback:", "step": null, "ts": 1641116184.6171024}, {"value": "  File \"/home/connormcdowall/finance-honours/src/cmcd398-finance-honours.py\", line 2123, in <module>\n    project_analysis(data_vm_directory, list_of_columns, categorical_assignment, target_column, chunk_size, resizing_options,\n", "step": null, "ts": 1641116184.6171024}, {"value": "  File \"/home/connormcdowall/finance-honours/src/cmcd398-finance-honours.py\", line 1396, in project_analysis\n    model, loss, metrics, other_metrics = build_tensor_flow_model(train_dataset, val_dataset, test_dataset, model_name,\n", "step": null, "ts": 1641116184.6171024}, {"value": "  File \"/home/connormcdowall/finance-honours/src/cmcd398-finance-honours.py\", line 1158, in build_tensor_flow_model\n    model.fit(x=x_train, batch_size=32, epochs=eps,\n", "step": null, "ts": 1641116184.6171024}, {"value": "  File \"/home/connormcdowall/anaconda3/lib/python3.9/site-packages/keras/utils/traceback_utils.py\", line 67, in error_handler\n    raise e.with_traceback(filtered_tb) from None\n", "step": null, "ts": 1641116184.6171024}, {"value": "  File \"/home/connormcdowall/anaconda3/lib/python3.9/site-packages/tensorflow/python/framework/func_graph.py\", line 1129, in autograph_handler\n    raise e.ag_error_metadata.to_exception(e)\n", "step": null, "ts": 1641116184.6171024}, {"value": "in user code:", "step": null, "ts": 1641116184.6171024}, {"value": "", "step": null, "ts": 1641116184.6171024}]}, "version": 26}
{"obj": {"type": "LogStrings", "path": ["monitoring", "traceback"], "values": [{"value": "    File \"/home/connormcdowall/anaconda3/lib/python3.9/site-packages/keras/engine/training.py\", line 878, in train_function  *", "step": null, "ts": 1641116184.6171024}, {"value": "        return step_function(self, iterator)", "step": null, "ts": 1641116184.6171024}, {"value": "    File \"/home/connormcdowall/finance-honours/src/cmcd398-finance-honours.py\", line 1565, in call  *", "step": null, "ts": 1641116184.6171024}, {"value": "        y_true_loss = K.dot(y_true_transposed, y_true_flat)", "step": null, "ts": 1641116184.6171024}, {"value": "    File \"/home/connormcdowall/anaconda3/lib/python3.9/site-packages/keras/backend.py\", line 2134, in dot", "step": null, "ts": 1641116184.6171024}, {"value": "        out = tf.matmul(x, y)", "step": null, "ts": 1641116184.6171024}, {"value": "", "step": null, "ts": 1641116184.6171024}, {"value": "    ValueError: Shape must be rank 2 but is rank 1 for '{{node custom_hp/MatMul}} = MatMul[T=DT_FLOAT, transpose_a=false, transpose_b=false](custom_hp/transpose, custom_hp/Reshape)' with input shapes: [1,?], [?].", "step": null, "ts": 1641116184.6171024}, {"value": "", "step": null, "ts": 1641116184.6171024}]}, "version": 27}
{"obj": {"type": "AssignBool", "path": ["sys", "failed"], "value": true}, "version": 28}
{"obj": {"type": "LogStrings", "path": ["monitoring", "stderr"], "values": [{"value": "Traceback (most recent call last):\n", "step": null, "ts": 1641116184.6175702}]}, "version": 29}
{"obj": {"type": "LogStrings", "path": ["monitoring", "stderr"], "values": [{"value": "  File \"/home/connormcdowall/finance-honours/src/cmcd398-finance-honours.py\", line 2123, in <module>\n", "step": null, "ts": 1641116184.6177652}]}, "version": 30}
{"obj": {"type": "LogStrings", "path": ["monitoring", "stderr"], "values": [{"value": "    ", "step": null, "ts": 1641116184.6185436}]}, "version": 31}
{"obj": {"type": "LogStrings", "path": ["monitoring", "stderr"], "values": [{"value": "project_analysis(data_vm_directory, list_of_columns, categorical_assignment, target_column, chunk_size, resizing_options,", "step": null, "ts": 1641116184.6186864}]}, "version": 32}
{"obj": {"type": "LogStrings", "path": ["monitoring", "stderr"], "values": [{"value": "\n", "step": null, "ts": 1641116184.6188145}]}, "version": 33}
{"obj": {"type": "LogStrings", "path": ["monitoring", "stderr"], "values": [{"value": "  File \"/home/connormcdowall/finance-honours/src/cmcd398-finance-honours.py\", line 1396, in project_analysis\n", "step": null, "ts": 1641116184.6190646}]}, "version": 34}
{"obj": {"type": "LogStrings", "path": ["monitoring", "stderr"], "values": [{"value": "    ", "step": null, "ts": 1641116184.6195252}]}, "version": 35}
{"obj": {"type": "LogStrings", "path": ["monitoring", "stderr"], "values": [{"value": "model, loss, metrics, other_metrics = build_tensor_flow_model(train_dataset, val_dataset, test_dataset, model_name,", "step": null, "ts": 1641116184.619638}]}, "version": 36}
{"obj": {"type": "LogStrings", "path": ["monitoring", "stderr"], "values": [{"value": "\n", "step": null, "ts": 1641116184.6197512}]}, "version": 37}
{"obj": {"type": "LogStrings", "path": ["monitoring", "stderr"], "values": [{"value": "  File \"/home/connormcdowall/finance-honours/src/cmcd398-finance-honours.py\", line 1158, in build_tensor_flow_model\n", "step": null, "ts": 1641116184.6199443}]}, "version": 38}
{"obj": {"type": "LogStrings", "path": ["monitoring", "stderr"], "values": [{"value": "    ", "step": null, "ts": 1641116184.6203074}]}, "version": 39}
{"obj": {"type": "LogStrings", "path": ["monitoring", "stderr"], "values": [{"value": "model.fit(x=x_train, batch_size=32, epochs=eps,", "step": null, "ts": 1641116184.6204264}]}, "version": 40}
{"obj": {"type": "LogStrings", "path": ["monitoring", "stderr"], "values": [{"value": "\n", "step": null, "ts": 1641116184.6205564}]}, "version": 41}
{"obj": {"type": "LogStrings", "path": ["monitoring", "stderr"], "values": [{"value": "  File \"/home/connormcdowall/anaconda3/lib/python3.9/site-packages/keras/utils/traceback_utils.py\", line 67, in error_handler\n", "step": null, "ts": 1641116184.6207366}]}, "version": 42}
{"obj": {"type": "LogStrings", "path": ["monitoring", "stderr"], "values": [{"value": "    ", "step": null, "ts": 1641116184.6210005}]}, "version": 43}
{"obj": {"type": "LogStrings", "path": ["monitoring", "stderr"], "values": [{"value": "raise e.with_traceback(filtered_tb) from None", "step": null, "ts": 1641116184.621106}]}, "version": 44}
{"obj": {"type": "LogStrings", "path": ["monitoring", "stderr"], "values": [{"value": "\n", "step": null, "ts": 1641116184.621248}]}, "version": 45}
{"obj": {"type": "LogStrings", "path": ["monitoring", "stderr"], "values": [{"value": "  File \"/home/connormcdowall/anaconda3/lib/python3.9/site-packages/tensorflow/python/framework/func_graph.py\", line 1129, in autograph_handler\n", "step": null, "ts": 1641116184.6214359}]}, "version": 46}
{"obj": {"type": "LogStrings", "path": ["monitoring", "stderr"], "values": [{"value": "    ", "step": null, "ts": 1641116184.621835}]}, "version": 47}
{"obj": {"type": "LogStrings", "path": ["monitoring", "stderr"], "values": [{"value": "raise e.ag_error_metadata.to_exception(e)", "step": null, "ts": 1641116184.6219437}]}, "version": 48}
{"obj": {"type": "LogStrings", "path": ["monitoring", "stderr"], "values": [{"value": "\n", "step": null, "ts": 1641116184.622057}]}, "version": 49}
{"obj": {"type": "LogStrings", "path": ["monitoring", "stderr"], "values": [{"value": "ValueError", "step": null, "ts": 1641116184.6222038}]}, "version": 50}
{"obj": {"type": "LogStrings", "path": ["monitoring", "stderr"], "values": [{"value": ": ", "step": null, "ts": 1641116184.6223054}]}, "version": 51}
{"obj": {"type": "LogStrings", "path": ["monitoring", "stderr"], "values": [{"value": "in user code:\n\n    File \"/home/connormcdowall/anaconda3/lib/python3.9/site-packages/keras/engine/training.py\", line 878, in train_function  *\n        return step_function(self, iterator)\n    File \"/home/connormcdowall/finance-honours/src/cmcd398-finance-honours.py\", line 1565, in call  *\n        y_true_loss = K.dot(y_true_transposed, y_true_flat)\n    File \"/home/connormcdowall/anaconda3/lib/python3.9/site-packages/keras/backend.py\", line 2134, in dot\n        out = tf.matmul(x, y)\n\n    ValueError: Shape must be rank 2 but is rank 1 for '{{node custom_hp/MatMul}} = MatMul[T=DT_FLOAT, transpose_a=false, transpose_b=false](custom_hp/transpose, custom_hp/Reshape)' with input shapes: [1,?], [?].\n", "step": null, "ts": 1641116184.6224706}]}, "version": 52}
{"obj": {"type": "LogStrings", "path": ["monitoring", "stderr"], "values": [{"value": "\n", "step": null, "ts": 1641116184.6226466}]}, "version": 53}
{"obj": {"type": "LogStrings", "path": ["monitoring", "stdout"], "values": [{"value": "Shutting down background jobs, please wait a moment...\n", "step": null, "ts": 1641116184.623006}]}, "version": 54}
