\BOOKMARK [1][-]{section.1}{Abstract}{}% 1
\BOOKMARK [1][-]{section.2}{Introduction}{}% 2
\BOOKMARK [1][-]{section.3}{Literature Review}{}% 3
\BOOKMARK [1][-]{section.4}{Hypotheses Development}{}% 4
\BOOKMARK [2][-]{subsection.4.1}{Research Question}{section.4}% 5
\BOOKMARK [2][-]{subsection.4.2}{Hypotheses}{section.4}% 6
\BOOKMARK [1][-]{section.5}{Data}{}% 7
\BOOKMARK [2][-]{subsection.5.1}{Variables: Inputs}{section.5}% 8
\BOOKMARK [3][-]{subsubsection.5.1.1}{Revenue Growth}{subsection.5.1}% 9
\BOOKMARK [3][-]{subsubsection.5.1.2}{Value-added \(Product/Service\)}{subsection.5.1}% 10
\BOOKMARK [3][-]{subsubsection.5.1.3}{Management Team Track Record}{subsection.5.1}% 11
\BOOKMARK [3][-]{subsubsection.5.1.4}{International Scalability}{subsection.5.1}% 12
\BOOKMARK [3][-]{subsubsection.5.1.5}{Profitability}{subsection.5.1}% 13
\BOOKMARK [3][-]{subsubsection.5.1.6}{Business Model}{subsection.5.1}% 14
\BOOKMARK [3][-]{subsubsection.5.1.7}{Current Investors}{subsection.5.1}% 15
\BOOKMARK [3][-]{subsubsection.5.1.8}{Year}{subsection.5.1}% 16
\BOOKMARK [2][-]{subsection.5.2}{Variable: Output\(s\)}{section.5}% 17
\BOOKMARK [2][-]{subsection.5.3}{Sources}{section.5}% 18
\BOOKMARK [3][-]{subsubsection.5.3.1}{PitchBook}{subsection.5.3}% 19
\BOOKMARK [2][-]{subsection.5.4}{Limitations: PitchBook}{section.5}% 20
\BOOKMARK [2][-]{subsection.5.5}{Alternative Data Sources}{section.5}% 21
\BOOKMARK [1][-]{section.6}{Methodology}{}% 22
\BOOKMARK [2][-]{subsection.6.1}{Problem Scoping}{section.6}% 23
\BOOKMARK [3][-]{subsubsection.6.1.1}{Problem Framing}{subsection.6.1}% 24
\BOOKMARK [3][-]{subsubsection.6.1.2}{Performance Measure Selection}{subsection.6.1}% 25
\BOOKMARK [3][-]{subsubsection.6.1.3}{Checking Data Assumptions}{subsection.6.1}% 26
\BOOKMARK [2][-]{subsection.6.2}{Data Acquisition}{section.6}% 27
\BOOKMARK [2][-]{subsection.6.3}{Discovery \046 Visualization}{section.6}% 28
\BOOKMARK [2][-]{subsection.6.4}{Data Preparation}{section.6}% 29
\BOOKMARK [2][-]{subsection.6.5}{Model Selection \046 Training}{section.6}% 30
\BOOKMARK [3][-]{subsubsection.6.5.1}{Multi-nominal Logistic Regression \(Softmax Regression\)}{subsection.6.5}% 31
\BOOKMARK [3][-]{subsubsection.6.5.2}{Random Forests}{subsection.6.5}% 32
\BOOKMARK [3][-]{subsubsection.6.5.3}{Multi Layer Perceptron \(MLP\)}{subsection.6.5}% 33
\BOOKMARK [3][-]{subsubsection.6.5.4}{Evaluation}{subsection.6.5}% 34
\BOOKMARK [2][-]{subsection.6.6}{Model Tuning}{section.6}% 35
\BOOKMARK [2][-]{subsection.6.7}{Solution Presentation}{section.6}% 36
\BOOKMARK [1][-]{section.7}{Conclusions}{}% 37
\BOOKMARK [2][-]{subsection.7.1}{Contributions}{section.7}% 38
\BOOKMARK [2][-]{subsection.7.2}{Future Research}{section.7}% 39
\BOOKMARK [2][-]{subsection.7.3}{Research Timetable}{section.7}% 40
\BOOKMARK [1][-]{section.8}{Appendix}{}% 41
\BOOKMARK [2][-]{subsection.8.1}{Mathematics}{section.8}% 42
\BOOKMARK [3][-]{subsubsection.8.1.1}{Performance Measures}{subsection.8.1}% 43
\BOOKMARK [3][-]{subsubsection.8.1.2}{Multi-level Logistic Regression}{subsection.8.1}% 44
\BOOKMARK [3][-]{subsubsection.8.1.3}{Multi-nominal Logistic Regression \(Softmax Regression\)}{subsection.8.1}% 45
\BOOKMARK [3][-]{subsubsection.8.1.4}{Random Forests}{subsection.8.1}% 46
\BOOKMARK [3][-]{subsubsection.8.1.5}{Multi Layer Perceptron \(MLP\)}{subsection.8.1}% 47
\BOOKMARK [2][-]{subsection.8.2}{Technology}{section.8}% 48
\BOOKMARK [2][-]{subsection.8.3}{Case Studies}{section.8}% 49
\BOOKMARK [2][-]{subsection.8.4}{Investor Criteria, Attributes \046 Variables}{section.8}% 50
\BOOKMARK [2][-]{subsection.8.5}{Research Timetable}{section.8}% 51
