{"obj": {"type": "AssignString", "path": ["sys", "name"], "value": "Untitled"}, "version": 1}
{"obj": {"type": "AssignString", "path": ["sys", "description"], "value": ""}, "version": 2}
{"obj": {"type": "AssignString", "path": ["sys", "hostname"], "value": "finance-honours-deep-learning-vm-vm"}, "version": 3}
{"obj": {"type": "AssignBool", "path": ["sys", "failed"], "value": false}, "version": 4}
{"obj": {"type": "ClearStringLog", "path": ["monitoring", "stdout"]}, "version": 5}
{"obj": {"type": "ClearStringLog", "path": ["monitoring", "stderr"]}, "version": 6}
{"obj": {"type": "AssignString", "path": ["source_code", "entrypoint"], "value": "cmcd398-finance-honours.py"}, "version": 7}
{"obj": {"type": "UploadFileSet", "path": ["source_code", "files"], "file_globs": ["/home/connormcdowall/finance-honours/src/cmcd398-finance-honours.py"], "reset": "False"}, "version": 8}
{"obj": {"type": "ConfigFloatSeries", "path": ["monitoring", "cpu"], "min": 0.0, "max": 100.0, "unit": "%"}, "version": 9}
{"obj": {"type": "ClearFloatLog", "path": ["monitoring", "cpu"]}, "version": 10}
{"obj": {"type": "ConfigFloatSeries", "path": ["monitoring", "memory"], "min": 0.0, "max": 29.446353912353516, "unit": "GB"}, "version": 11}
{"obj": {"type": "ClearFloatLog", "path": ["monitoring", "memory"]}, "version": 12}
{"obj": {"type": "ConfigFloatSeries", "path": ["monitoring", "gpu"], "min": 0.0, "max": 100.0, "unit": "%"}, "version": 13}
{"obj": {"type": "ClearFloatLog", "path": ["monitoring", "gpu"]}, "version": 14}
{"obj": {"type": "ConfigFloatSeries", "path": ["monitoring", "gpu_memory"], "min": 0.0, "max": 11.17303466796875, "unit": "GB"}, "version": 15}
{"obj": {"type": "ClearFloatLog", "path": ["monitoring", "gpu_memory"]}, "version": 16}
{"obj": {"type": "LogStrings", "path": ["monitoring", "stdout"], "values": [{"value": "", "step": null, "ts": 1641075580.278881}]}, "version": 17}
{"obj": {"type": "LogStrings", "path": ["monitoring", "stdout"], "values": [{"value": "https://app.neptune.ai/connormcdowall/finance-honours/e/FCMCD398H-1\n", "step": null, "ts": 1641075580.279409}]}, "version": 18}
{"obj": {"type": "LogStrings", "path": ["monitoring", "traceback"], "values": [{"value": "An uncaught exception occurred while run was active on worker finance-honours-deep-learning-vm-vm.", "step": null, "ts": 1641075580.281164}, {"value": "Marking run as failed", "step": null, "ts": 1641075580.281164}, {"value": "Traceback:", "step": null, "ts": 1641075580.281164}, {"value": "  File \"/home/connormcdowall/finance-honours/src/cmcd398-finance-honours.py\", line 2118, in <module>\n    project_analysis(data_vm_directory, list_of_columns, categorical_assignment, target_column, chunk_size, resizing_options,\n", "step": null, "ts": 1641075580.281164}, {"value": "  File \"/home/connormcdowall/finance-honours/src/cmcd398-finance-honours.py\", line 1381, in project_analysis\n    model, loss, metrics = build_tensor_flow_model(train_dataset, val_dataset, test_dataset, model_name,\n", "step": null, "ts": 1641075580.281164}, {"value": "  File \"/home/connormcdowall/finance-honours/src/cmcd398-finance-honours.py\", line 1144, in build_tensor_flow_model\n    neptune_cbk = configure_training_ui(project, api_token)\n", "step": null, "ts": 1641075580.281164}, {"value": "  File \"/home/connormcdowall/finance-honours/src/cmcd398-finance-honours.py\", line 147, in configure_training_ui\n    neptune_cbk = NeptuneCallback(run=run, base_namespace='metrics')\n", "step": null, "ts": 1641075580.281164}, {"value": "__init__() got an unexpected keyword argument 'run'", "step": null, "ts": 1641075580.281164}]}, "version": 19}
{"obj": {"type": "AssignBool", "path": ["sys", "failed"], "value": true}, "version": 20}
{"obj": {"type": "LogFloats", "path": ["monitoring", "cpu"], "values": [{"value": 13.8, "step": null, "ts": 1641075580.2731833}]}, "version": 21}
{"obj": {"type": "LogStrings", "path": ["monitoring", "stderr"], "values": [{"value": "Traceback (most recent call last):\n", "step": null, "ts": 1641075580.2826862}]}, "version": 22}
{"obj": {"type": "LogFloats", "path": ["monitoring", "memory"], "values": [{"value": 7.317096710205078, "step": null, "ts": 1641075580.2731833}]}, "version": 23}
{"obj": {"type": "LogStrings", "path": ["monitoring", "stderr"], "values": [{"value": "  File \"/home/connormcdowall/finance-honours/src/cmcd398-finance-honours.py\", line 2118, in <module>\n", "step": null, "ts": 1641075580.283196}]}, "version": 24}
{"obj": {"type": "LogFloats", "path": ["monitoring", "gpu_memory"], "values": [{"value": 10.686767578125, "step": null, "ts": 1641075580.2731833}]}, "version": 25}
{"obj": {"type": "LogStrings", "path": ["monitoring", "stderr"], "values": [{"value": "    ", "step": null, "ts": 1641075580.2843897}]}, "version": 26}
{"obj": {"type": "LogStrings", "path": ["monitoring", "stderr"], "values": [{"value": "project_analysis(data_vm_directory, list_of_columns, categorical_assignment, target_column, chunk_size, resizing_options,", "step": null, "ts": 1641075580.284571}]}, "version": 27}
{"obj": {"type": "LogStrings", "path": ["monitoring", "stderr"], "values": [{"value": "\n", "step": null, "ts": 1641075580.2847667}]}, "version": 28}
{"obj": {"type": "LogStrings", "path": ["monitoring", "stderr"], "values": [{"value": "  File \"/home/connormcdowall/finance-honours/src/cmcd398-finance-honours.py\", line 1381, in project_analysis\n", "step": null, "ts": 1641075580.2849472}]}, "version": 29}
{"obj": {"type": "LogStrings", "path": ["monitoring", "stderr"], "values": [{"value": "    ", "step": null, "ts": 1641075580.2855875}]}, "version": 30}
{"obj": {"type": "LogStrings", "path": ["monitoring", "stderr"], "values": [{"value": "model, loss, metrics = build_tensor_flow_model(train_dataset, val_dataset, test_dataset, model_name,", "step": null, "ts": 1641075580.2857518}]}, "version": 31}
{"obj": {"type": "LogStrings", "path": ["monitoring", "stderr"], "values": [{"value": "\n", "step": null, "ts": 1641075580.2859275}]}, "version": 32}
{"obj": {"type": "LogStrings", "path": ["monitoring", "stderr"], "values": [{"value": "  File \"/home/connormcdowall/finance-honours/src/cmcd398-finance-honours.py\", line 1144, in build_tensor_flow_model\n", "step": null, "ts": 1641075580.286104}]}, "version": 33}
{"obj": {"type": "LogStrings", "path": ["monitoring", "stderr"], "values": [{"value": "    ", "step": null, "ts": 1641075580.2867136}]}, "version": 34}
{"obj": {"type": "LogStrings", "path": ["monitoring", "stderr"], "values": [{"value": "neptune_cbk = configure_training_ui(project, api_token)", "step": null, "ts": 1641075580.2868726}]}, "version": 35}
{"obj": {"type": "LogStrings", "path": ["monitoring", "stderr"], "values": [{"value": "\n", "step": null, "ts": 1641075580.2870755}]}, "version": 36}
{"obj": {"type": "LogStrings", "path": ["monitoring", "stderr"], "values": [{"value": "  File \"/home/connormcdowall/finance-honours/src/cmcd398-finance-honours.py\", line 147, in configure_training_ui\n", "step": null, "ts": 1641075580.2872713}]}, "version": 37}
{"obj": {"type": "LogStrings", "path": ["monitoring", "stderr"], "values": [{"value": "    ", "step": null, "ts": 1641075580.2875965}]}, "version": 38}
{"obj": {"type": "LogStrings", "path": ["monitoring", "stderr"], "values": [{"value": "neptune_cbk = NeptuneCallback(run=run, base_namespace='metrics')", "step": null, "ts": 1641075580.287778}]}, "version": 39}
{"obj": {"type": "LogStrings", "path": ["monitoring", "stderr"], "values": [{"value": "\n", "step": null, "ts": 1641075580.2879875}]}, "version": 40}
{"obj": {"type": "LogStrings", "path": ["monitoring", "stderr"], "values": [{"value": "TypeError", "step": null, "ts": 1641075580.2881668}]}, "version": 41}
{"obj": {"type": "LogStrings", "path": ["monitoring", "stderr"], "values": [{"value": ": ", "step": null, "ts": 1641075580.2883234}]}, "version": 42}
{"obj": {"type": "LogStrings", "path": ["monitoring", "stderr"], "values": [{"value": "__init__() got an unexpected keyword argument 'run'", "step": null, "ts": 1641075580.2885036}]}, "version": 43}
{"obj": {"type": "LogStrings", "path": ["monitoring", "stderr"], "values": [{"value": "\n", "step": null, "ts": 1641075580.2887692}]}, "version": 44}
{"obj": {"type": "LogStrings", "path": ["monitoring", "stdout"], "values": [{"value": "Shutting down background jobs, please wait a moment...\n", "step": null, "ts": 1641075580.289231}]}, "version": 45}
