{"obj": {"type": "AssignString", "path": ["sys", "name"], "value": "Untitled"}, "version": 1}
{"obj": {"type": "AssignString", "path": ["sys", "description"], "value": ""}, "version": 2}
{"obj": {"type": "AssignString", "path": ["sys", "hostname"], "value": "finance-honours-deep-learning-vm-vm"}, "version": 3}
{"obj": {"type": "AssignBool", "path": ["sys", "failed"], "value": false}, "version": 4}
{"obj": {"type": "ClearStringLog", "path": ["monitoring", "stdout"]}, "version": 5}
{"obj": {"type": "ClearStringLog", "path": ["monitoring", "stderr"]}, "version": 6}
{"obj": {"type": "AssignString", "path": ["source_code", "entrypoint"], "value": "cmcd398-finance-honours.py"}, "version": 7}
{"obj": {"type": "UploadFileSet", "path": ["source_code", "files"], "file_globs": ["/home/connormcdowall/finance-honours/src/cmcd398-finance-honours.py"], "reset": "False"}, "version": 8}
{"obj": {"type": "ConfigFloatSeries", "path": ["monitoring", "cpu"], "min": 0.0, "max": 100.0, "unit": "%"}, "version": 9}
{"obj": {"type": "ClearFloatLog", "path": ["monitoring", "cpu"]}, "version": 10}
{"obj": {"type": "ConfigFloatSeries", "path": ["monitoring", "memory"], "min": 0.0, "max": 29.446353912353516, "unit": "GB"}, "version": 11}
{"obj": {"type": "ClearFloatLog", "path": ["monitoring", "memory"]}, "version": 12}
{"obj": {"type": "ConfigFloatSeries", "path": ["monitoring", "gpu"], "min": 0.0, "max": 100.0, "unit": "%"}, "version": 13}
{"obj": {"type": "ClearFloatLog", "path": ["monitoring", "gpu"]}, "version": 14}
{"obj": {"type": "ConfigFloatSeries", "path": ["monitoring", "gpu_memory"], "min": 0.0, "max": 11.17303466796875, "unit": "GB"}, "version": 15}
{"obj": {"type": "ClearFloatLog", "path": ["monitoring", "gpu_memory"]}, "version": 16}
{"obj": {"type": "LogStrings", "path": ["monitoring", "stdout"], "values": [{"value": "", "step": null, "ts": 1641115901.0108056}]}, "version": 17}
{"obj": {"type": "LogStrings", "path": ["monitoring", "stdout"], "values": [{"value": "https://app.neptune.ai/connormcdowall/finance-honours/e/FCMCD398H-21\n", "step": null, "ts": 1641115901.011574}]}, "version": 18}
{"obj": {"type": "LogStrings", "path": ["monitoring", "stdout"], "values": [{"value": "Start: Model Fitting", "step": null, "ts": 1641115901.0121708}]}, "version": 19}
{"obj": {"type": "LogFloats", "path": ["monitoring", "cpu"], "values": [{"value": 12.9, "step": null, "ts": 1641115901.005119}]}, "version": 20}
{"obj": {"type": "LogStrings", "path": ["monitoring", "stdout"], "values": [{"value": "\n", "step": null, "ts": 1641115901.0132546}]}, "version": 21}
{"obj": {"type": "LogFloats", "path": ["monitoring", "memory"], "values": [{"value": 7.975589752197266, "step": null, "ts": 1641115901.005119}]}, "version": 22}
{"obj": {"type": "LogFloats", "path": ["monitoring", "gpu_memory"], "values": [{"value": 10.686767578125, "step": null, "ts": 1641115901.005119}]}, "version": 23}
{"obj": {"type": "LogStrings", "path": ["monitoring", "stdout"], "values": [{"value": "Epoch 1/10", "step": null, "ts": 1641115901.1892064}]}, "version": 24}
{"obj": {"type": "LogStrings", "path": ["monitoring", "stdout"], "values": [{"value": "\n", "step": null, "ts": 1641115901.1894195}]}, "version": 25}
{"obj": {"type": "LogStrings", "path": ["monitoring", "traceback"], "values": [{"value": "An uncaught exception occurred while run was active on worker finance-honours-deep-learning-vm-vm.", "step": null, "ts": 1641115902.2856836}, {"value": "Marking run as failed", "step": null, "ts": 1641115902.2856836}, {"value": "Traceback:", "step": null, "ts": 1641115902.2856836}, {"value": "  File \"/home/connormcdowall/finance-honours/src/cmcd398-finance-honours.py\", line 2123, in <module>\n    project_analysis(data_vm_directory, list_of_columns, categorical_assignment, target_column, chunk_size, resizing_options,\n", "step": null, "ts": 1641115902.2856836}, {"value": "  File \"/home/connormcdowall/finance-honours/src/cmcd398-finance-honours.py\", line 1396, in project_analysis\n    model, loss, metrics, other_metrics = build_tensor_flow_model(train_dataset, val_dataset, test_dataset, model_name,\n", "step": null, "ts": 1641115902.2856836}, {"value": "  File \"/home/connormcdowall/finance-honours/src/cmcd398-finance-honours.py\", line 1158, in build_tensor_flow_model\n    model.fit(x=x_train, batch_size=32, epochs=eps,\n", "step": null, "ts": 1641115902.2856836}, {"value": "  File \"/home/connormcdowall/anaconda3/lib/python3.9/site-packages/keras/utils/traceback_utils.py\", line 67, in error_handler\n    raise e.with_traceback(filtered_tb) from None\n", "step": null, "ts": 1641115902.2856836}, {"value": "  File \"/home/connormcdowall/anaconda3/lib/python3.9/site-packages/tensorflow/python/framework/func_graph.py\", line 1129, in autograph_handler\n    raise e.ag_error_metadata.to_exception(e)\n", "step": null, "ts": 1641115902.2856836}, {"value": "in user code:", "step": null, "ts": 1641115902.2856836}, {"value": "", "step": null, "ts": 1641115902.2856836}]}, "version": 26}
{"obj": {"type": "LogStrings", "path": ["monitoring", "traceback"], "values": [{"value": "    File \"/home/connormcdowall/anaconda3/lib/python3.9/site-packages/keras/engine/training.py\", line 878, in train_function  *", "step": null, "ts": 1641115902.2856836}, {"value": "        return step_function(self, iterator)", "step": null, "ts": 1641115902.2856836}, {"value": "    File \"/home/connormcdowall/finance-honours/src/cmcd398-finance-honours.py\", line 1565, in call  *", "step": null, "ts": 1641115902.2856836}, {"value": "        y_true_loss = K.dot(K.flatten(y_true_transposed), y_true_flat)", "step": null, "ts": 1641115902.2856836}, {"value": "    File \"/home/connormcdowall/anaconda3/lib/python3.9/site-packages/keras/backend.py\", line 2134, in dot", "step": null, "ts": 1641115902.2856836}, {"value": "        out = tf.matmul(x, y)", "step": null, "ts": 1641115902.2856836}, {"value": "", "step": null, "ts": 1641115902.2856836}, {"value": "    ValueError: Shape must be rank 2 but is rank 1 for '{{node custom_hp/MatMul}} = MatMul[T=DT_FLOAT, transpose_a=false, transpose_b=false](custom_hp/Reshape_2, custom_hp/Reshape)' with input shapes: [?], [?].", "step": null, "ts": 1641115902.2856836}, {"value": "", "step": null, "ts": 1641115902.2856836}]}, "version": 27}
{"obj": {"type": "AssignBool", "path": ["sys", "failed"], "value": true}, "version": 28}
{"obj": {"type": "LogStrings", "path": ["monitoring", "stderr"], "values": [{"value": "Traceback (most recent call last):\n", "step": null, "ts": 1641115902.2861643}]}, "version": 29}
{"obj": {"type": "LogStrings", "path": ["monitoring", "stderr"], "values": [{"value": "  File \"/home/connormcdowall/finance-honours/src/cmcd398-finance-honours.py\", line 2123, in <module>\n", "step": null, "ts": 1641115902.286294}]}, "version": 30}
{"obj": {"type": "LogStrings", "path": ["monitoring", "stderr"], "values": [{"value": "    ", "step": null, "ts": 1641115902.2868547}]}, "version": 31}
{"obj": {"type": "LogStrings", "path": ["monitoring", "stderr"], "values": [{"value": "project_analysis(data_vm_directory, list_of_columns, categorical_assignment, target_column, chunk_size, resizing_options,", "step": null, "ts": 1641115902.286985}]}, "version": 32}
{"obj": {"type": "LogStrings", "path": ["monitoring", "stderr"], "values": [{"value": "\n", "step": null, "ts": 1641115902.28716}]}, "version": 33}
{"obj": {"type": "LogStrings", "path": ["monitoring", "stderr"], "values": [{"value": "  File \"/home/connormcdowall/finance-honours/src/cmcd398-finance-honours.py\", line 1396, in project_analysis\n", "step": null, "ts": 1641115902.2873144}]}, "version": 34}
{"obj": {"type": "LogStrings", "path": ["monitoring", "stderr"], "values": [{"value": "    ", "step": null, "ts": 1641115902.2877548}]}, "version": 35}
{"obj": {"type": "LogStrings", "path": ["monitoring", "stderr"], "values": [{"value": "model, loss, metrics, other_metrics = build_tensor_flow_model(train_dataset, val_dataset, test_dataset, model_name,", "step": null, "ts": 1641115902.2878752}]}, "version": 36}
{"obj": {"type": "LogStrings", "path": ["monitoring", "stderr"], "values": [{"value": "\n", "step": null, "ts": 1641115902.2879853}]}, "version": 37}
{"obj": {"type": "LogStrings", "path": ["monitoring", "stderr"], "values": [{"value": "  File \"/home/connormcdowall/finance-honours/src/cmcd398-finance-honours.py\", line 1158, in build_tensor_flow_model\n", "step": null, "ts": 1641115902.288161}]}, "version": 38}
{"obj": {"type": "LogStrings", "path": ["monitoring", "stderr"], "values": [{"value": "    ", "step": null, "ts": 1641115902.2885375}]}, "version": 39}
{"obj": {"type": "LogStrings", "path": ["monitoring", "stderr"], "values": [{"value": "model.fit(x=x_train, batch_size=32, epochs=eps,", "step": null, "ts": 1641115902.2886374}]}, "version": 40}
{"obj": {"type": "LogStrings", "path": ["monitoring", "stderr"], "values": [{"value": "\n", "step": null, "ts": 1641115902.2887425}]}, "version": 41}
{"obj": {"type": "LogStrings", "path": ["monitoring", "stderr"], "values": [{"value": "  File \"/home/connormcdowall/anaconda3/lib/python3.9/site-packages/keras/utils/traceback_utils.py\", line 67, in error_handler\n", "step": null, "ts": 1641115902.288851}]}, "version": 42}
{"obj": {"type": "LogStrings", "path": ["monitoring", "stderr"], "values": [{"value": "    ", "step": null, "ts": 1641115902.2890558}]}, "version": 43}
{"obj": {"type": "LogStrings", "path": ["monitoring", "stderr"], "values": [{"value": "raise e.with_traceback(filtered_tb) from None", "step": null, "ts": 1641115902.2891529}]}, "version": 44}
{"obj": {"type": "LogStrings", "path": ["monitoring", "stderr"], "values": [{"value": "\n", "step": null, "ts": 1641115902.2892625}]}, "version": 45}
{"obj": {"type": "LogStrings", "path": ["monitoring", "stderr"], "values": [{"value": "  File \"/home/connormcdowall/anaconda3/lib/python3.9/site-packages/tensorflow/python/framework/func_graph.py\", line 1129, in autograph_handler\n", "step": null, "ts": 1641115902.2893913}]}, "version": 46}
{"obj": {"type": "LogStrings", "path": ["monitoring", "stderr"], "values": [{"value": "    ", "step": null, "ts": 1641115902.289734}]}, "version": 47}
{"obj": {"type": "LogStrings", "path": ["monitoring", "stderr"], "values": [{"value": "raise e.ag_error_metadata.to_exception(e)", "step": null, "ts": 1641115902.289831}]}, "version": 48}
{"obj": {"type": "LogStrings", "path": ["monitoring", "stderr"], "values": [{"value": "\n", "step": null, "ts": 1641115902.2899346}]}, "version": 49}
{"obj": {"type": "LogStrings", "path": ["monitoring", "stderr"], "values": [{"value": "ValueError", "step": null, "ts": 1641115902.290028}]}, "version": 50}
{"obj": {"type": "LogStrings", "path": ["monitoring", "stderr"], "values": [{"value": ": ", "step": null, "ts": 1641115902.2901137}]}, "version": 51}
{"obj": {"type": "LogStrings", "path": ["monitoring", "stderr"], "values": [{"value": "in user code:\n\n    File \"/home/connormcdowall/anaconda3/lib/python3.9/site-packages/keras/engine/training.py\", line 878, in train_function  *\n        return step_function(self, iterator)\n    File \"/home/connormcdowall/finance-honours/src/cmcd398-finance-honours.py\", line 1565, in call  *\n        y_true_loss = K.dot(K.flatten(y_true_transposed), y_true_flat)\n    File \"/home/connormcdowall/anaconda3/lib/python3.9/site-packages/keras/backend.py\", line 2134, in dot\n        out = tf.matmul(x, y)\n\n    ValueError: Shape must be rank 2 but is rank 1 for '{{node custom_hp/MatMul}} = MatMul[T=DT_FLOAT, transpose_a=false, transpose_b=false](custom_hp/Reshape_2, custom_hp/Reshape)' with input shapes: [?], [?].\n", "step": null, "ts": 1641115902.2902179}]}, "version": 52}
{"obj": {"type": "LogStrings", "path": ["monitoring", "stderr"], "values": [{"value": "\n", "step": null, "ts": 1641115902.2903523}]}, "version": 53}
{"obj": {"type": "LogStrings", "path": ["monitoring", "stdout"], "values": [{"value": "Shutting down background jobs, please wait a moment...\n", "step": null, "ts": 1641115902.2906535}]}, "version": 54}
